app/build/intermediates/manifest_merge_blame_file/debug/processDebugMainManifest/manifest-merger-blame-debug-report.txt
1<?xml version="1.0" encoding="utf-8"?>
2<manifest xmlns:android="http://schemas.android.com/apk/res/android"
3    package="com.example.quizapp"
4    android:versionCode="1"
5    android:versionName="1.0" >
6
7    <uses-sdk
8        android:minSdkVersion="31"
9        android:targetSdkVersion="36" />
10
11    <uses-permission android:name="android.permission.ACCESS_NETWORK_STATE" />
11-->[com.google.android.libraries.mapsplatform.transportation:transportation-consumer:4.0.0] AndroidManifest.xml:9:5-79
11-->[com.google.android.libraries.mapsplatform.transportation:transportation-consumer:4.0.0] AndroidManifest.xml:9:22-76
12    <uses-permission android:name="android.permission.INTERNET" /> <!-- Used by DeviceState -->
12-->[com.google.android.libraries.mapsplatform.transportation:transportation-consumer:4.0.0] AndroidManifest.xml:10:5-67
12-->[com.google.android.libraries.mapsplatform.transportation:transportation-consumer:4.0.0] AndroidManifest.xml:10:22-64
13    <uses-permission android:name="android.permission.ACCESS_WIFI_STATE" />
13-->[com.google.android.libraries.mapsplatform.transportation:transportation-consumer:4.0.0] AndroidManifest.xml:13:5-76
13-->[com.google.android.libraries.mapsplatform.transportation:transportation-consumer:4.0.0] AndroidManifest.xml:13:22-73
14    <uses-permission android:name="com.google.android.providers.gsf.permission.READ_GSERVICES" />
14-->[com.google.android.libraries.mapsplatform.transportation:transportation-consumer:4.0.0] AndroidManifest.xml:14:5-98
14-->[com.google.android.libraries.mapsplatform.transportation:transportation-consumer:4.0.0] AndroidManifest.xml:14:22-95
15
16    <uses-feature
16-->[com.google.android.gms:play-services-maps:18.1.0] AndroidManifest.xml:26:5-28:35
17        android:glEsVersion="0x00020000"
17-->[com.google.android.gms:play-services-maps:18.1.0] AndroidManifest.xml:27:9-41
18        android:required="true" />
18-->[com.google.android.gms:play-services-maps:18.1.0] AndroidManifest.xml:28:9-32
19
20    <queries>
20-->[com.google.android.gms:play-services-maps:18.1.0] AndroidManifest.xml:30:5-34:15
21
22        <!-- Needs to be explicitly declared on Android R+ -->
23        <package android:name="com.google.android.apps.maps" />
23-->[com.google.android.gms:play-services-maps:18.1.0] AndroidManifest.xml:33:9-64
23-->[com.google.android.gms:play-services-maps:18.1.0] AndroidManifest.xml:33:18-61
24    </queries>
25
26    <permission
26-->[androidx.core:core:1.15.0] AndroidManifest.xml:22:5-24:47
27        android:name="com.example.quizapp.DYNAMIC_RECEIVER_NOT_EXPORTED_PERMISSION"
27-->[androidx.core:core:1.15.0] AndroidManifest.xml:23:9-81
28        android:protectionLevel="signature" />
28-->[androidx.core:core:1.15.0] AndroidManifest.xml:24:9-44
29
30    <uses-permission android:name="com.example.quizapp.DYNAMIC_RECEIVER_NOT_EXPORTED_PERMISSION" />
30-->[androidx.core:core:1.15.0] AndroidManifest.xml:26:5-97
30-->[androidx.core:core:1.15.0] AndroidManifest.xml:26:22-94
31
32    <application
32-->src\main\AndroidManifest.xml:5:5-26:19
33        android:allowBackup="true"
33-->src\main\AndroidManifest.xml:6:9-35
34        android:appComponentFactory="androidx.core.app.CoreComponentFactory"
34-->[androidx.core:core:1.15.0] AndroidManifest.xml:28:18-86
35        android:dataExtractionRules="@xml/data_extraction_rules"
35-->src\main\AndroidManifest.xml:7:9-65
36        android:debuggable="true"
37        android:extractNativeLibs="false"
38        android:fullBackupContent="@xml/backup_rules"
38-->src\main\AndroidManifest.xml:8:9-54
39        android:icon="@mipmap/ic_launcher"
39-->src\main\AndroidManifest.xml:9:9-43
40        android:label="@string/app_name"
40-->src\main\AndroidManifest.xml:10:9-41
41        android:roundIcon="@mipmap/ic_launcher_round"
41-->src\main\AndroidManifest.xml:11:9-54
42        android:supportsRtl="true"
42-->src\main\AndroidManifest.xml:12:9-35
43        android:theme="@style/Theme.QuizApp" >
43-->src\main\AndroidManifest.xml:13:9-45
44        <activity
44-->src\main\AndroidManifest.xml:15:9-24:20
45            android:name="com.example.quizapp.MainActivity"
45-->src\main\AndroidManifest.xml:16:13-41
46            android:exported="true"
46-->src\main\AndroidManifest.xml:17:13-36
47            android:label="@string/app_name"
47-->src\main\AndroidManifest.xml:18:13-45
48            android:theme="@style/Theme.QuizApp" >
48-->src\main\AndroidManifest.xml:19:13-49
49            <intent-filter>
49-->src\main\AndroidManifest.xml:20:13-23:29
50                <action android:name="android.intent.action.MAIN" />
50-->src\main\AndroidManifest.xml:21:17-69
50-->src\main\AndroidManifest.xml:21:25-66
51
52                <category android:name="android.intent.category.LAUNCHER" />
52-->src\main\AndroidManifest.xml:22:17-77
52-->src\main\AndroidManifest.xml:22:27-74
53            </intent-filter>
54        </activity>
55
56        <!-- Exported is set to false, so other applications can't bind to this service -->
57        <service
57-->[com.google.android.libraries.mapsplatform.transportation:transportation-consumer:4.0.0] AndroidManifest.xml:19:9-21:40
58            android:name="com.google.android.libraries.mapsplatform.transportation.consumer.ConsumerService"
58-->[com.google.android.libraries.mapsplatform.transportation:transportation-consumer:4.0.0] AndroidManifest.xml:20:13-109
59            android:exported="false" /> <!-- Needs to be explicitly declared on P+ -->
59-->[com.google.android.libraries.mapsplatform.transportation:transportation-consumer:4.0.0] AndroidManifest.xml:21:13-37
60        <uses-library
60-->[com.google.android.gms:play-services-maps:18.1.0] AndroidManifest.xml:39:9-41:40
61            android:name="org.apache.http.legacy"
61-->[com.google.android.gms:play-services-maps:18.1.0] AndroidManifest.xml:40:13-50
62            android:required="false" />
62-->[com.google.android.gms:play-services-maps:18.1.0] AndroidManifest.xml:41:13-37
63
64        <activity
64-->[com.google.android.gms:play-services-base:18.5.0] AndroidManifest.xml:5:9-173
65            android:name="com.google.android.gms.common.api.GoogleApiActivity"
65-->[com.google.android.gms:play-services-base:18.5.0] AndroidManifest.xml:5:19-85
66            android:exported="false"
66-->[com.google.android.gms:play-services-base:18.5.0] AndroidManifest.xml:5:146-170
67            android:theme="@android:style/Theme.Translucent.NoTitleBar" />
67-->[com.google.android.gms:play-services-base:18.5.0] AndroidManifest.xml:5:86-145
68
69        <meta-data
69-->[com.google.android.gms:play-services-basement:18.4.0] AndroidManifest.xml:6:9-122
70            android:name="com.google.android.gms.version"
70-->[com.google.android.gms:play-services-basement:18.4.0] AndroidManifest.xml:6:20-65
71            android:value="@integer/google_play_services_version" />
71-->[com.google.android.gms:play-services-basement:18.4.0] AndroidManifest.xml:6:66-119
72
73        <activity
73-->[androidx.compose.ui:ui-test-manifest:1.9.2] AndroidManifest.xml:23:9-26:79
74            android:name="androidx.activity.ComponentActivity"
74-->[androidx.compose.ui:ui-test-manifest:1.9.2] AndroidManifest.xml:24:13-63
75            android:exported="true"
75-->[androidx.compose.ui:ui-test-manifest:1.9.2] AndroidManifest.xml:25:13-36
76            android:theme="@android:style/Theme.Material.Light.NoActionBar" />
76-->[androidx.compose.ui:ui-test-manifest:1.9.2] AndroidManifest.xml:26:13-76
77
78        <provider
78-->[androidx.emoji2:emoji2:1.4.0] AndroidManifest.xml:24:9-32:20
79            android:name="androidx.startup.InitializationProvider"
79-->[androidx.emoji2:emoji2:1.4.0] AndroidManifest.xml:25:13-67
80            android:authorities="com.example.quizapp.androidx-startup"
80-->[androidx.emoji2:emoji2:1.4.0] AndroidManifest.xml:26:13-68
81            android:exported="false" >
81-->[androidx.emoji2:emoji2:1.4.0] AndroidManifest.xml:27:13-37
82            <meta-data
82-->[androidx.emoji2:emoji2:1.4.0] AndroidManifest.xml:29:13-31:52
83                android:name="androidx.emoji2.text.EmojiCompatInitializer"
83-->[androidx.emoji2:emoji2:1.4.0] AndroidManifest.xml:30:17-75
84                android:value="androidx.startup" />
84-->[androidx.emoji2:emoji2:1.4.0] AndroidManifest.xml:31:17-49
85            <meta-data
85-->[androidx.lifecycle:lifecycle-process:2.9.4] AndroidManifest.xml:29:13-31:52
86                android:name="androidx.lifecycle.ProcessLifecycleInitializer"
86-->[androidx.lifecycle:lifecycle-process:2.9.4] AndroidManifest.xml:30:17-78
87                android:value="androidx.startup" />
87-->[androidx.lifecycle:lifecycle-process:2.9.4] AndroidManifest.xml:31:17-49
88            <meta-data
88-->[androidx.profileinstaller:profileinstaller:1.4.0] AndroidManifest.xml:29:13-31:52
89                android:name="androidx.profileinstaller.ProfileInstallerInitializer"
89-->[androidx.profileinstaller:profileinstaller:1.4.0] AndroidManifest.xml:30:17-85
90                android:value="androidx.startup" />
90-->[androidx.profileinstaller:profileinstaller:1.4.0] AndroidManifest.xml:31:17-49
91        </provider>
92
93        <uses-library
93-->[androidx.window:window:1.0.0] AndroidManifest.xml:25:9-27:40
94            android:name="androidx.window.extensions"
94-->[androidx.window:window:1.0.0] AndroidManifest.xml:26:13-54
95            android:required="false" />
95-->[androidx.window:window:1.0.0] AndroidManifest.xml:27:13-37
96        <uses-library
96-->[androidx.window:window:1.0.0] AndroidManifest.xml:28:9-30:40
97            android:name="androidx.window.sidecar"
97-->[androidx.window:window:1.0.0] AndroidManifest.xml:29:13-51
98            android:required="false" />
98-->[androidx.window:window:1.0.0] AndroidManifest.xml:30:13-37
99
100        <activity
100-->[androidx.compose.ui:ui-tooling-android:1.9.2] AndroidManifest.xml:23:9-25:39
101            android:name="androidx.compose.ui.tooling.PreviewActivity"
101-->[androidx.compose.ui:ui-tooling-android:1.9.2] AndroidManifest.xml:24:13-71
102            android:exported="true" />
102-->[androidx.compose.ui:ui-tooling-android:1.9.2] AndroidManifest.xml:25:13-36
103
104        <service
104-->[com.google.android.datatransport:transport-backend-cct:3.2.0] AndroidManifest.xml:26:9-32:19
105            android:name="com.google.android.datatransport.runtime.backends.TransportBackendDiscovery"
105-->[com.google.android.datatransport:transport-backend-cct:3.2.0] AndroidManifest.xml:27:13-103
106            android:exported="false" >
106-->[com.google.android.datatransport:transport-backend-cct:3.2.0] AndroidManifest.xml:28:13-37
107            <meta-data
107-->[com.google.android.datatransport:transport-backend-cct:3.2.0] AndroidManifest.xml:29:13-31:39
108                android:name="backend:com.google.android.datatransport.cct.CctBackendFactory"
108-->[com.google.android.datatransport:transport-backend-cct:3.2.0] AndroidManifest.xml:30:17-94
109                android:value="cct" />
109-->[com.google.android.datatransport:transport-backend-cct:3.2.0] AndroidManifest.xml:31:17-36
110        </service>
111        <service
111-->[com.google.android.datatransport:transport-runtime:3.2.0] AndroidManifest.xml:24:9-28:19
112            android:name="com.google.android.datatransport.runtime.scheduling.jobscheduling.JobInfoSchedulerService"
112-->[com.google.android.datatransport:transport-runtime:3.2.0] AndroidManifest.xml:25:13-117
113            android:exported="false"
113-->[com.google.android.datatransport:transport-runtime:3.2.0] AndroidManifest.xml:26:13-37
114            android:permission="android.permission.BIND_JOB_SERVICE" >
114-->[com.google.android.datatransport:transport-runtime:3.2.0] AndroidManifest.xml:27:13-69
115        </service>
116
117        <receiver
117-->[com.google.android.datatransport:transport-runtime:3.2.0] AndroidManifest.xml:30:9-32:40
118            android:name="com.google.android.datatransport.runtime.scheduling.jobscheduling.AlarmManagerSchedulerBroadcastReceiver"
118-->[com.google.android.datatransport:transport-runtime:3.2.0] AndroidManifest.xml:31:13-132
119            android:exported="false" />
119-->[com.google.android.datatransport:transport-runtime:3.2.0] AndroidManifest.xml:32:13-37
120        <receiver
120-->[androidx.profileinstaller:profileinstaller:1.4.0] AndroidManifest.xml:34:9-52:20
121            android:name="androidx.profileinstaller.ProfileInstallReceiver"
121-->[androidx.profileinstaller:profileinstaller:1.4.0] AndroidManifest.xml:35:13-76
122            android:directBootAware="false"
122-->[androidx.profileinstaller:profileinstaller:1.4.0] AndroidManifest.xml:36:13-44
123            android:enabled="true"
123-->[androidx.profileinstaller:profileinstaller:1.4.0] AndroidManifest.xml:37:13-35
124            android:exported="true"
124-->[androidx.profileinstaller:profileinstaller:1.4.0] AndroidManifest.xml:38:13-36
125            android:permission="android.permission.DUMP" >
125-->[androidx.profileinstaller:profileinstaller:1.4.0] AndroidManifest.xml:39:13-57
126            <intent-filter>
126-->[androidx.profileinstaller:profileinstaller:1.4.0] AndroidManifest.xml:40:13-42:29
127                <action android:name="androidx.profileinstaller.action.INSTALL_PROFILE" />
127-->[androidx.profileinstaller:profileinstaller:1.4.0] AndroidManifest.xml:41:17-91
127-->[androidx.profileinstaller:profileinstaller:1.4.0] AndroidManifest.xml:41:25-88
128            </intent-filter>
129            <intent-filter>
129-->[androidx.profileinstaller:profileinstaller:1.4.0] AndroidManifest.xml:43:13-45:29
130                <action android:name="androidx.profileinstaller.action.SKIP_FILE" />
130-->[androidx.profileinstaller:profileinstaller:1.4.0] AndroidManifest.xml:44:17-85
130-->[androidx.profileinstaller:profileinstaller:1.4.0] AndroidManifest.xml:44:25-82
131            </intent-filter>
132            <intent-filter>
132-->[androidx.profileinstaller:profileinstaller:1.4.0] AndroidManifest.xml:46:13-48:29
133                <action android:name="androidx.profileinstaller.action.SAVE_PROFILE" />
133-->[androidx.profileinstaller:profileinstaller:1.4.0] AndroidManifest.xml:47:17-88
133-->[androidx.profileinstaller:profileinstaller:1.4.0] AndroidManifest.xml:47:25-85
134            </intent-filter>
135            <intent-filter>
135-->[androidx.profileinstaller:profileinstaller:1.4.0] AndroidManifest.xml:49:13-51:29
136                <action android:name="androidx.profileinstaller.action.BENCHMARK_OPERATION" />
136-->[androidx.profileinstaller:profileinstaller:1.4.0] AndroidManifest.xml:50:17-95
136-->[androidx.profileinstaller:profileinstaller:1.4.0] AndroidManifest.xml:50:25-92
137            </intent-filter>
138        </receiver>
139    </application>
140
141</manifest>